c:\users\ian\source\repos\texturemanager-poc\texturemanagerpoc\texturem.b40a5c0b\x64\debug\vc143.pdb
c:\users\ian\source\repos\texturemanager-poc\texturemanagerpoc\texturem.b40a5c0b\x64\debug\vc143.idb
c:\users\ian\source\repos\texturemanager-poc\texturemanagerpoc\texturem.b40a5c0b\x64\debug\textureresourcemanager.obj
c:\users\ian\source\repos\texturemanager-poc\texturemanagerpoc\texturem.b40a5c0b\x64\debug\textureresource.obj
c:\users\ian\source\repos\texturemanager-poc\texturemanagerpoc\texturem.b40a5c0b\x64\debug\main.obj
c:\users\ian\source\repos\texturemanager-poc\texturemanagerpoc\texturem.b40a5c0b\x64\debug\sdlrenderer.obj
c:\users\ian\source\repos\texturemanager-poc\texturemanagerpoc\texturem.b40a5c0b\x64\debug\renderer.obj
c:\users\ian\source\repos\texturemanager-poc\texturemanagerpoc\texturem.b40a5c0b\x64\debug\hasher.obj
c:\users\ian\source\repos\texturemanager-poc\texturemanagerpoc\texturem.b40a5c0b\x64\debug\entity.obj
c:\users\ian\source\repos\texturemanager-poc\texturemanagerpoc\texturem.b40a5c0b\x64\debug\component.obj
c:\users\ian\source\repos\texturemanager-poc\texturemanagerpoc\x64\debug\sdl2d.dll
c:\users\ian\source\repos\texturemanager-poc\texturemanagerpoc\x64\debug\sdl2_imaged.dll
c:\users\ian\source\repos\texturemanager-poc\texturemanagerpoc\x64\debug\libpng16d.dll
c:\users\ian\source\repos\texturemanager-poc\texturemanagerpoc\x64\debug\zlibd1.dll
c:\users\ian\source\repos\texturemanager-poc\texturemanagerpoc\texturem.b40a5c0b\x64\debug\texturemanagerpoc.ilk
c:\users\ian\source\repos\texturemanager-poc\texturemanagerpoc\x64\debug\texturemanagerpoc.pdb
c:\users\ian\source\repos\texturemanager-poc\texturemanagerpoc\texturem.b40a5c0b\x64\debug\texturem.b40a5c0b.tlog\cl.command.1.tlog
c:\users\ian\source\repos\texturemanager-poc\texturemanagerpoc\texturem.b40a5c0b\x64\debug\texturem.b40a5c0b.tlog\cl.items.tlog
c:\users\ian\source\repos\texturemanager-poc\texturemanagerpoc\texturem.b40a5c0b\x64\debug\texturem.b40a5c0b.tlog\cl.read.1.tlog
c:\users\ian\source\repos\texturemanager-poc\texturemanagerpoc\texturem.b40a5c0b\x64\debug\texturem.b40a5c0b.tlog\cl.write.1.tlog
c:\users\ian\source\repos\texturemanager-poc\texturemanagerpoc\texturem.b40a5c0b\x64\debug\texturem.b40a5c0b.tlog\link-cvtres.read.1.tlog
c:\users\ian\source\repos\texturemanager-poc\texturemanagerpoc\texturem.b40a5c0b\x64\debug\texturem.b40a5c0b.tlog\link-cvtres.write.1.tlog
c:\users\ian\source\repos\texturemanager-poc\texturemanagerpoc\texturem.b40a5c0b\x64\debug\texturem.b40a5c0b.tlog\link-rc.read.1.tlog
c:\users\ian\source\repos\texturemanager-poc\texturemanagerpoc\texturem.b40a5c0b\x64\debug\texturem.b40a5c0b.tlog\link-rc.write.1.tlog
c:\users\ian\source\repos\texturemanager-poc\texturemanagerpoc\texturem.b40a5c0b\x64\debug\texturem.b40a5c0b.tlog\link.8576-cvtres.read.1.tlog
c:\users\ian\source\repos\texturemanager-poc\texturemanagerpoc\texturem.b40a5c0b\x64\debug\texturem.b40a5c0b.tlog\link.8576-cvtres.write.1.tlog
c:\users\ian\source\repos\texturemanager-poc\texturemanagerpoc\texturem.b40a5c0b\x64\debug\texturem.b40a5c0b.tlog\link.8576-rc.read.1.tlog
c:\users\ian\source\repos\texturemanager-poc\texturemanagerpoc\texturem.b40a5c0b\x64\debug\texturem.b40a5c0b.tlog\link.8576-rc.write.1.tlog
c:\users\ian\source\repos\texturemanager-poc\texturemanagerpoc\texturem.b40a5c0b\x64\debug\texturem.b40a5c0b.tlog\link.8576.read.1.tlog
c:\users\ian\source\repos\texturemanager-poc\texturemanagerpoc\texturem.b40a5c0b\x64\debug\texturem.b40a5c0b.tlog\link.8576.read.2.tlog
c:\users\ian\source\repos\texturemanager-poc\texturemanagerpoc\texturem.b40a5c0b\x64\debug\texturem.b40a5c0b.tlog\link.8576.read.3.tlog
c:\users\ian\source\repos\texturemanager-poc\texturemanagerpoc\texturem.b40a5c0b\x64\debug\texturem.b40a5c0b.tlog\link.8576.read.4.tlog
c:\users\ian\source\repos\texturemanager-poc\texturemanagerpoc\texturem.b40a5c0b\x64\debug\texturem.b40a5c0b.tlog\link.8576.write.1.tlog
c:\users\ian\source\repos\texturemanager-poc\texturemanagerpoc\texturem.b40a5c0b\x64\debug\texturem.b40a5c0b.tlog\link.command.1.tlog
c:\users\ian\source\repos\texturemanager-poc\texturemanagerpoc\texturem.b40a5c0b\x64\debug\texturem.b40a5c0b.tlog\link.read.1.tlog
c:\users\ian\source\repos\texturemanager-poc\texturemanagerpoc\texturem.b40a5c0b\x64\debug\texturem.b40a5c0b.tlog\link.read.2.tlog
c:\users\ian\source\repos\texturemanager-poc\texturemanagerpoc\texturem.b40a5c0b\x64\debug\texturem.b40a5c0b.tlog\link.read.3.tlog
c:\users\ian\source\repos\texturemanager-poc\texturemanagerpoc\texturem.b40a5c0b\x64\debug\texturem.b40a5c0b.tlog\link.read.4.tlog
c:\users\ian\source\repos\texturemanager-poc\texturemanagerpoc\texturem.b40a5c0b\x64\debug\texturem.b40a5c0b.tlog\link.secondary.1.tlog
c:\users\ian\source\repos\texturemanager-poc\texturemanagerpoc\texturem.b40a5c0b\x64\debug\texturem.b40a5c0b.tlog\link.write.1.tlog
c:\users\ian\source\repos\texturemanager-poc\texturemanagerpoc\texturem.b40a5c0b\x64\debug\texturem.b40a5c0b.tlog\texturemanagerpoc.write.1u.tlog
